0 info it worked if it ends with ok
1 verbose cli [ 'c:\\Program Files\\nodejs\\node.exe',
1 verbose cli   'c:\\Program Files\\nodejs\\node_modules\\npm\\bin\\npm-cli.js',
1 verbose cli   'install',
1 verbose cli   'node-legacy',
1 verbose cli   '--save' ]
2 info using npm@2.11.2
3 info using node@v0.12.5
4 verbose install initial load of g:\cursos\apps\mis_proyectos\quiz-2015-ipc\package.json
5 verbose installManyTop reading scoped package data from g:\cursos\apps\mis_proyectos\quiz-2015-ipc\node_modules\body-parser\package.json
6 verbose installManyTop reading scoped package data from g:\cursos\apps\mis_proyectos\quiz-2015-ipc\node_modules\cookie-parser\package.json
7 verbose installManyTop reading scoped package data from g:\cursos\apps\mis_proyectos\quiz-2015-ipc\node_modules\debug\package.json
8 verbose installManyTop reading scoped package data from g:\cursos\apps\mis_proyectos\quiz-2015-ipc\node_modules\ejs\package.json
9 verbose installManyTop reading scoped package data from g:\cursos\apps\mis_proyectos\quiz-2015-ipc\node_modules\express\package.json
10 verbose installManyTop reading scoped package data from g:\cursos\apps\mis_proyectos\quiz-2015-ipc\node_modules\express-partials\package.json
11 verbose installManyTop reading scoped package data from g:\cursos\apps\mis_proyectos\quiz-2015-ipc\node_modules\morgan\package.json
12 verbose installManyTop reading scoped package data from g:\cursos\apps\mis_proyectos\quiz-2015-ipc\node_modules\serve-favicon\package.json
13 info package.json debug@2.0.0 No license field.
14 info package.json ejs@0.8.8 No license field.
15 info package.json express-partials@0.3.0 No license field.
16 verbose readDependencies loading dependencies from g:\cursos\apps\mis_proyectos\quiz-2015-ipc\package.json
17 silly cache add args [ 'node-legacy', null ]
18 verbose cache add spec node-legacy
19 silly cache add parsed spec { raw: 'node-legacy',
19 silly cache add   scope: null,
19 silly cache add   name: 'node-legacy',
19 silly cache add   rawSpec: '',
19 silly cache add   spec: '*',
19 silly cache add   type: 'range' }
20 silly addNamed node-legacy@*
21 verbose addNamed "*" is a valid semver range for node-legacy
22 silly addNameRange { name: 'node-legacy', range: '*', hasData: false }
23 silly mapToRegistry name node-legacy
24 silly mapToRegistry using default registry
25 silly mapToRegistry registry https://registry.npmjs.org/
26 silly mapToRegistry uri https://registry.npmjs.org/node-legacy
27 verbose addNameRange registry:https://registry.npmjs.org/node-legacy not in flight; fetching
28 verbose request uri https://registry.npmjs.org/node-legacy
29 verbose request no auth needed
30 info attempt registry request try #1 at 20:34:32
31 verbose request id 2011cd359d78510e
32 http request GET https://registry.npmjs.org/node-legacy
33 http 404 https://registry.npmjs.org/node-legacy
34 verbose headers { server: 'CouchDB/1.5.0 (Erlang OTP/R16B03)',
34 verbose headers   'content-type': 'application/json',
34 verbose headers   'cache-control': 'max-age=0',
34 verbose headers   'content-length': '51',
34 verbose headers   'accept-ranges': 'bytes',
34 verbose headers   date: 'Sat, 18 Jul 2015 18:34:36 GMT',
34 verbose headers   via: '1.1 varnish',
34 verbose headers   age: '0',
34 verbose headers   connection: 'keep-alive',
34 verbose headers   'x-served-by': 'cache-lcy1132-LCY',
34 verbose headers   'x-cache': 'MISS',
34 verbose headers   'x-cache-hits': '0',
34 verbose headers   'x-timer': 'S1437244476.287886,VS0,VE626' }
35 silly get cb [ 404,
35 silly get   { server: 'CouchDB/1.5.0 (Erlang OTP/R16B03)',
35 silly get     'content-type': 'application/json',
35 silly get     'cache-control': 'max-age=0',
35 silly get     'content-length': '51',
35 silly get     'accept-ranges': 'bytes',
35 silly get     date: 'Sat, 18 Jul 2015 18:34:36 GMT',
35 silly get     via: '1.1 varnish',
35 silly get     age: '0',
35 silly get     connection: 'keep-alive',
35 silly get     'x-served-by': 'cache-lcy1132-LCY',
35 silly get     'x-cache': 'MISS',
35 silly get     'x-cache-hits': '0',
35 silly get     'x-timer': 'S1437244476.287886,VS0,VE626' } ]
36 verbose stack Error: 404 Not Found: node-legacy
36 verbose stack     at CachingRegistryClient.<anonymous> (c:\Program Files\nodejs\node_modules\npm\node_modules\npm-registry-client\lib\request.js:245:14)
36 verbose stack     at Request._callback (c:\Program Files\nodejs\node_modules\npm\node_modules\npm-registry-client\lib\request.js:170:14)
36 verbose stack     at Request.self.callback (c:\Program Files\nodejs\node_modules\npm\node_modules\request\request.js:354:22)
36 verbose stack     at Request.emit (events.js:110:17)
36 verbose stack     at Request.<anonymous> (c:\Program Files\nodejs\node_modules\npm\node_modules\request\request.js:1207:14)
36 verbose stack     at Request.emit (events.js:129:20)
36 verbose stack     at IncomingMessage.<anonymous> (c:\Program Files\nodejs\node_modules\npm\node_modules\request\request.js:1153:12)
36 verbose stack     at IncomingMessage.emit (events.js:129:20)
36 verbose stack     at _stream_readable.js:908:16
36 verbose stack     at process._tickCallback (node.js:355:11)
37 verbose statusCode 404
38 verbose pkgid node-legacy
39 verbose cwd g:\cursos\apps\mis_proyectos\quiz-2015-ipc
40 error Windows_NT 6.1.7601
41 error argv "c:\\Program Files\\nodejs\\node.exe" "c:\\Program Files\\nodejs\\node_modules\\npm\\bin\\npm-cli.js" "install" "node-legacy" "--save"
42 error node v0.12.5
43 error npm  v2.11.2
44 error code E404
45 error 404 Not Found: node-legacy
45 error 404
45 error 404 'node-legacy' is not in the npm registry.
45 error 404 You should bug the author to publish it (or use the name yourself!)
45 error 404 It was specified as a dependency of 'quiz'
45 error 404
45 error 404 Note that you can also install from a
45 error 404 tarball, folder, http url, or git url.
46 verbose exit [ 1, true ]
